
2025-11-13 12:50:33 - Get Products Request
Executing query: SELECT id, code, name, price FROM products ORDER BY 
            CASE 
                WHEN code LIKE 'MK%' THEN 1 
                WHEN code LIKE 'MN%' THEN 2 
                ELSE 3 
            END, name
Successfully fetched 11 products

2025-11-13 12:51:31 - Get Products Request
Executing query: SELECT id, code, name, price FROM products ORDER BY 
            CASE 
                WHEN code LIKE 'MK%' THEN 1 
                WHEN code LIKE 'MN%' THEN 2 
                ELSE 3 
            END, name
Successfully fetched 11 products

2025-11-13 13:09:06 - Get Products Request
Executing query: SELECT id, code, name, price FROM products ORDER BY 
            CASE 
                WHEN code LIKE 'MK%' THEN 1 
                WHEN code LIKE 'MN%' THEN 2 
                ELSE 3 
            END, name
Successfully fetched 11 products
